clestimateconc 0.9.2024.02.14
=======================================================================

Official web site of this script is
https://www.fifthdimension.jp/products/claident/ .
To know script details, see above URL.

Copyright (C) 2011-2024  Akifumi S. Tanabe

This program is free software; you can redistribute it and/or modify
it under the terms of the GNU General Public License as published by
the Free Software Foundation; either version 2 of the License.

This program is distributed in the hope that it will be useful,
but WITHOUT ANY WARRANTY; without even the implied warranty of
MERCHANTABILITY or FITNESS FOR A PARTICULAR PURPOSE.  See the
GNU General Public License for more details.

You should have received a copy of the GNU General Public License along
with this program; if not, write to the Free Software Foundation, Inc.,
51 Franklin Street, Fifth Floor, Boston, MA 02110-1301 USA.

Estimating concentrations based on numbers of sequences of internal standards...
"ClaidentTutorial__Blank01__MiFish"...
"ClaidentTutorial__Blank02__MiFish"...
"ClaidentTutorial__Sample01__MiFish"...
"ClaidentTutorial__Blank04__MiFish"...
"ClaidentTutorial__Blank03__MiFish"...
"ClaidentTutorial__Sample02__MiFish"...
"ClaidentTutorial__Sample03__MiFish"...
"ClaidentTutorial__Sample04__MiFish"...
"ClaidentTutorial__Sample05__MiFish"...
"ClaidentTutorial__Sample06__MiFish"...
"ClaidentTutorial__Sample07__MiFish"...
"ClaidentTutorial__Sample08__MiFish"...
"ClaidentTutorial__Sample09__MiFish"...
"ClaidentTutorial__Sample10__MiFish"...
"ClaidentTutorial__Sample11__MiFish"...
"ClaidentTutorial__Sample12__MiFish"...
"ClaidentTutorial__Sample13__MiFish"...
"ClaidentTutorial__Sample14__MiFish"...
"ClaidentTutorial__Sample15__MiFish"...
"ClaidentTutorial__Sample16__MiFish"...
"ClaidentTutorial__Sample17__MiFish"...
"ClaidentTutorial__Sample18__MiFish"...
"ClaidentTutorial__Sample19__MiFish"...
"ClaidentTutorial__Sample20__MiFish"...
done.

Saving results...
done.

